#
# There is insufficient memory for the Java Runtime Environment to continue.
# Native memory allocation (malloc) failed to allocate 32744 bytes for ChunkPool::allocate
# Possible reasons:
#   The system is out of physical RAM or swap space
#   In 32 bit mode, the process size limit was hit
# Possible solutions:
#   Reduce memory load on the system
#   Increase physical memory or swap space
#   Check if swap backing store is full
#   Use 64 bit Java on a 64 bit OS
#   Decrease Java heap size (-Xmx/-Xms)
#   Decrease number of Java threads
#   Decrease Java thread stack sizes (-Xss)
#   Set larger code cache with -XX:ReservedCodeCacheSize=
# This output file may be truncated or incomplete.
#
#  Out of Memory Error (allocation.cpp:273), pid=8256, tid=0x0000000000000930
#
# JRE version: Java(TM) SE Runtime Environment (8.0_92-b14) (build 1.8.0_92-b14)
# Java VM: Java HotSpot(TM) 64-Bit Server VM (25.92-b14 mixed mode windows-amd64 compressed oops)
# Failed to write core dump. Minidumps are not enabled by default on client versions of Windows
#

---------------  T H R E A D  ---------------

Current thread (0x0000000017e1a800):  JavaThread "C1 CompilerThread2" daemon [_thread_in_native, id=2352, stack(0x0000000018880000,0x0000000018980000)]

Stack: [0x0000000018880000,0x0000000018980000]
[error occurred during error reporting (printing stack bounds), id 0xc0000005]

Native frames: (J=compiled Java code, j=interpreted, Vv=VM code, C=native code)


Current CompileTask:
C1:  14671 1027       3       net.sf.saxon.tree.tiny.TinyNodeImpl::iterateAxis (608 bytes)


---------------  P R O C E S S  ---------------

Java Threads: ( => current thread )
  0x0000000017e2c000 JavaThread "Service Thread" daemon [_thread_blocked, id=11652, stack(0x0000000018a60000,0x0000000018b60000)]
=>0x0000000017e1a800 JavaThread "C1 CompilerThread2" daemon [_thread_in_native, id=2352, stack(0x0000000018880000,0x0000000018980000)]
  0x0000000016a5e000 JavaThread "C2 CompilerThread1" daemon [_thread_in_native, id=13344, stack(0x0000000018780000,0x0000000018880000)]
  0x0000000017dc8000 JavaThread "C2 CompilerThread0" daemon [_thread_blocked, id=12036, stack(0x0000000018310000,0x0000000018410000)]
  0x0000000017dc6800 JavaThread "Attach Listener" daemon [_thread_blocked, id=332, stack(0x00000000184b0000,0x00000000185b0000)]
  0x0000000016a59000 JavaThread "Signal Dispatcher" daemon [_thread_blocked, id=11964, stack(0x0000000018210000,0x0000000018310000)]
  0x0000000016a3d800 JavaThread "Finalizer" daemon [_thread_blocked, id=9156, stack(0x0000000017940000,0x0000000017a40000)]
  0x00000000169f6000 JavaThread "Reference Handler" daemon [_thread_blocked, id=6632, stack(0x0000000017be0000,0x0000000017ce0000)]
  0x000000000211c800 JavaThread "main" [_thread_in_native, id=8220, stack(0x0000000002b80000,0x0000000002c80000)]

Other Threads:
  0x00000000169ed000 VMThread [stack: 0x0000000017a70000,0x0000000017b70000] [id=9984]
  0x0000000017ead000 WatcherThread [stack: 0x0000000018be0000,0x0000000018ce0000] [id=9112]

VM state:not at safepoint (normal execution)

VM Mutex/Monitor currently owned by a thread: None

Heap:
 PSYoungGen      total 49152K, used 22141K [0x00000000e0980000, 0x00000000e4180000, 0x0000000100000000)
  eden space 45056K, 40% used [0x00000000e0980000,0x00000000e1b212d0,0x00000000e3580000)
  from space 4096K, 99% used [0x00000000e3d80000,0x00000000e417e1a0,0x00000000e4180000)
  to   space 4096K, 0% used [0x00000000e3980000,0x00000000e3980000,0x00000000e3d80000)
 ParOldGen       total 97792K, used 55469K [0x00000000a1c00000, 0x00000000a7b80000, 0x00000000e0980000)
  object space 97792K, 56% used [0x00000000a1c00000,0x00000000a522b6c0,0x00000000a7b80000)
 Metaspace       used 12179K, capacity 12272K, committed 12544K, reserved 1060864K
  class space    used 1643K, capacity 1683K, committed 1792K, reserved 1048576K

Card table byte_map: [0x0000000012310000,0x0000000012610000] byte_map_base: 0x0000000011e02000

Marking Bits: (ParMarkBitMap*) 0x0000000002a864f0
 Begin Bits: [0x0000000012e40000, 0x00000000145d0000)
 End Bits:   [0x00000000145d0000, 0x0000000015d60000)

Polling page: 0x00000000004d0000

CodeCache: size=245760Kb used=4133Kb max_used=4147Kb free=241626Kb
 bounds [0x0000000002f50000, 0x0000000003370000, 0x0000000011f50000]
 total_blobs=1332 nmethods=1006 adapters=239
 compilation: enabled

Compilation events (10 events):
Event: 7.242 Thread 0x0000000017e1a800 nmethod 1000 0x0000000003353790 code [0x00000000033538e0, 0x0000000003353a50]
Event: 7.242 Thread 0x0000000017e1a800 1005       3       net.sf.saxon.om.NamePool::getURI (42 bytes)
Event: 7.242 Thread 0x0000000017e1a800 nmethod 1005 0x0000000003353ad0 code [0x0000000003353ce0, 0x0000000003354678]
Event: 7.242 Thread 0x0000000017e1a800 1008       1       net.sf.saxon.tree.tiny.TinyAttributeImpl::getNodeKind (2 bytes)
Event: 7.242 Thread 0x0000000017e1a800 nmethod 1008 0x0000000003342a10 code [0x0000000003342b60, 0x0000000003342c70]
Event: 12.861 Thread 0x0000000017e1a800 1014       3       net.sf.saxon.serialize.XMLEmitter::getAttributeIndentString (65 bytes)
Event: 12.862 Thread 0x0000000017e1a800 nmethod 1014 0x0000000003354bd0 code [0x0000000003354dc0, 0x00000000033557b8]
Event: 12.862 Thread 0x0000000017e1a800 1016       3       net.sf.saxon.event.ComplexContentOutputter::attribute (566 bytes)
Event: 12.865 Thread 0x0000000017e1a800 nmethod 1016 0x0000000003355b90 code [0x0000000003356060, 0x0000000003359218]
Event: 12.865 Thread 0x0000000017e1a800 1027       3       net.sf.saxon.tree.tiny.TinyNodeImpl::iterateAxis (608 bytes)

GC Heap History (10 events):
Event: 5.138 GC heap before
{Heap before GC invocations=1 (full 0):
 PSYoungGen      total 28672K, used 24576K [0x00000000e0980000, 0x00000000e2980000, 0x0000000100000000)
  eden space 24576K, 100% used [0x00000000e0980000,0x00000000e2180000,0x00000000e2180000)
  from space 4096K, 0% used [0x00000000e2580000,0x00000000e2580000,0x00000000e2980000)
  to   space 4096K, 0% used [0x00000000e2180000,0x00000000e2180000,0x00000000e2580000)
 ParOldGen       total 65536K, used 0K [0x00000000a1c00000, 0x00000000a5c00000, 0x00000000e0980000)
  object space 65536K, 0% used [0x00000000a1c00000,0x00000000a1c00000,0x00000000a5c00000)
 Metaspace       used 10217K, capacity 10320K, committed 10496K, reserved 1058816K
  class space    used 1434K, capacity 1459K, committed 1536K, reserved 1048576K
Event: 5.143 GC heap after
Heap after GC invocations=1 (full 0):
 PSYoungGen      total 28672K, used 4080K [0x00000000e0980000, 0x00000000e2980000, 0x0000000100000000)
  eden space 24576K, 0% used [0x00000000e0980000,0x00000000e0980000,0x00000000e2180000)
  from space 4096K, 99% used [0x00000000e2180000,0x00000000e257c050,0x00000000e2580000)
  to   space 4096K, 0% used [0x00000000e2580000,0x00000000e2580000,0x00000000e2980000)
 ParOldGen       total 65536K, used 468K [0x00000000a1c00000, 0x00000000a5c00000, 0x00000000e0980000)
  object space 65536K, 0% used [0x00000000a1c00000,0x00000000a1c75040,0x00000000a5c00000)
 Metaspace       used 10217K, capacity 10320K, committed 10496K, reserved 1058816K
  class space    used 1434K, capacity 1459K, committed 1536K, reserved 1048576K
}
Event: 5.557 GC heap before
{Heap before GC invocations=2 (full 0):
 PSYoungGen      total 28672K, used 28656K [0x00000000e0980000, 0x00000000e2980000, 0x0000000100000000)
  eden space 24576K, 100% used [0x00000000e0980000,0x00000000e2180000,0x00000000e2180000)
  from space 4096K, 99% used [0x00000000e2180000,0x00000000e257c050,0x00000000e2580000)
  to   space 4096K, 0% used [0x00000000e2580000,0x00000000e2580000,0x00000000e2980000)
 ParOldGen       total 65536K, used 468K [0x00000000a1c00000, 0x00000000a5c00000, 0x00000000e0980000)
  object space 65536K, 0% used [0x00000000a1c00000,0x00000000a1c75040,0x00000000a5c00000)
 Metaspace       used 11865K, capacity 11984K, committed 12160K, reserved 1060864K
  class space    used 1622K, capacity 1651K, committed 1664K, reserved 1048576K
Event: 5.579 GC heap after
Heap after GC invocations=2 (full 0):
 PSYoungGen      total 28672K, used 4068K [0x00000000e0980000, 0x00000000e4180000, 0x0000000100000000)
  eden space 24576K, 0% used [0x00000000e0980000,0x00000000e0980000,0x00000000e2180000)
  from space 4096K, 99% used [0x00000000e2580000,0x00000000e29790b0,0x00000000e2980000)
  to   space 4096K, 0% used [0x00000000e2180000,0x00000000e2180000,0x00000000e2580000)
 ParOldGen       total 65536K, used 14662K [0x00000000a1c00000, 0x00000000a5c00000, 0x00000000e0980000)
  object space 65536K, 22% used [0x00000000a1c00000,0x00000000a2a51860,0x00000000a5c00000)
 Metaspace       used 11865K, capacity 11984K, committed 12160K, reserved 1060864K
  class space    used 1622K, capacity 1651K, committed 1664K, reserved 1048576K
}
Event: 5.735 GC heap before
{Heap before GC invocations=3 (full 0):
 PSYoungGen      total 28672K, used 28644K [0x00000000e0980000, 0x00000000e4180000, 0x0000000100000000)
  eden space 24576K, 100% used [0x00000000e0980000,0x00000000e2180000,0x00000000e2180000)
  from space 4096K, 99% used [0x00000000e2580000,0x00000000e29790b0,0x00000000e2980000)
  to   space 4096K, 0% used [0x00000000e2180000,0x00000000e2180000,0x00000000e2580000)
 ParOldGen       total 65536K, used 14662K [0x00000000a1c00000, 0x00000000a5c00000, 0x00000000e0980000)
  object space 65536K, 22% used [0x00000000a1c00000,0x00000000a2a51860,0x00000000a5c00000)
 Metaspace       used 11865K, capacity 11984K, committed 12160K, reserved 1060864K
  class space    used 1622K, capacity 1651K, committed 1664K, reserved 1048576K
Event: 5.744 GC heap after
Heap after GC invocations=3 (full 0):
 PSYoungGen      total 28672K, used 4084K [0x00000000e0980000, 0x00000000e4180000, 0x0000000100000000)
  eden space 24576K, 0% used [0x00000000e0980000,0x00000000e0980000,0x00000000e2180000)
  from space 4096K, 99% used [0x00000000e2180000,0x00000000e257d190,0x00000000e2580000)
  to   space 4096K, 0% used [0x00000000e3d80000,0x00000000e3d80000,0x00000000e4180000)
 ParOldGen       total 65536K, used 38767K [0x00000000a1c00000, 0x00000000a5c00000, 0x00000000e0980000)
  object space 65536K, 59% used [0x00000000a1c00000,0x00000000a41dbe50,0x00000000a5c00000)
 Metaspace       used 11865K, capacity 11984K, committed 12160K, reserved 1060864K
  class space    used 1622K, capacity 1651K, committed 1664K, reserved 1048576K
}
Event: 5.744 GC heap before
{Heap before GC invocations=4 (full 1):
 PSYoungGen      total 28672K, used 4084K [0x00000000e0980000, 0x00000000e4180000, 0x0000000100000000)
  eden space 24576K, 0% used [0x00000000e0980000,0x00000000e0980000,0x00000000e2180000)
  from space 4096K, 99% used [0x00000000e2180000,0x00000000e257d190,0x00000000e2580000)
  to   space 4096K, 0% used [0x00000000e3d80000,0x00000000e3d80000,0x00000000e4180000)
 ParOldGen       total 65536K, used 38767K [0x00000000a1c00000, 0x00000000a5c00000, 0x00000000e0980000)
  object space 65536K, 59% used [0x00000000a1c00000,0x00000000a41dbe50,0x00000000a5c00000)
 Metaspace       used 11865K, capacity 11984K, committed 12160K, reserved 1060864K
  class space    used 1622K, capacity 1651K, committed 1664K, reserved 1048576K
Event: 5.786 GC heap after
Heap after GC invocations=4 (full 1):
 PSYoungGen      total 28672K, used 0K [0x00000000e0980000, 0x00000000e4180000, 0x0000000100000000)
  eden space 24576K, 0% used [0x00000000e0980000,0x00000000e0980000,0x00000000e2180000)
  from space 4096K, 0% used [0x00000000e2180000,0x00000000e2180000,0x00000000e2580000)
  to   space 4096K, 0% used [0x00000000e3d80000,0x00000000e3d80000,0x00000000e4180000)
 ParOldGen       total 97792K, used 36545K [0x00000000a1c00000, 0x00000000a7b80000, 0x00000000e0980000)
  object space 97792K, 37% used [0x00000000a1c00000,0x00000000a3fb06d0,0x00000000a7b80000)
 Metaspace       used 11865K, capacity 11984K, committed 12160K, reserved 1060864K
  class space    used 1622K, capacity 1651K, committed 1664K, reserved 1048576K
}
Event: 5.815 GC heap before
{Heap before GC invocations=5 (full 1):
 PSYoungGen      total 28672K, used 23127K [0x00000000e0980000, 0x00000000e4180000, 0x0000000100000000)
  eden space 24576K, 94% used [0x00000000e0980000,0x00000000e2015ee8,0x00000000e2180000)
  from space 4096K, 0% used [0x00000000e2180000,0x00000000e2180000,0x00000000e2580000)
  to   space 4096K, 0% used [0x00000000e3d80000,0x00000000e3d80000,0x00000000e4180000)
 ParOldGen       total 97792K, used 36545K [0x00000000a1c00000, 0x00000000a7b80000, 0x00000000e0980000)
  object space 97792K, 37% used [0x00000000a1c00000,0x00000000a3fb06d0,0x00000000a7b80000)
 Metaspace       used 11865K, capacity 11984K, committed 12160K, reserved 1060864K
  class space    used 1622K, capacity 1651K, committed 1664K, reserved 1048576K
Event: 5.821 GC heap after
Heap after GC invocations=5 (full 1):
 PSYoungGen      total 49152K, used 4088K [0x00000000e0980000, 0x00000000e4180000, 0x0000000100000000)
  eden space 45056K, 0% used [0x00000000e0980000,0x00000000e0980000,0x00000000e3580000)
  from space 4096K, 99% used [0x00000000e3d80000,0x00000000e417e1a0,0x00000000e4180000)
  to   space 4096K, 0% used [0x00000000e3980000,0x00000000e3980000,0x00000000e3d80000)
 ParOldGen       total 97792K, used 55469K [0x00000000a1c00000, 0x00000000a7b80000, 0x00000000e0980000)
  object space 97792K, 56% used [0x00000000a1c00000,0x00000000a522b6c0,0x00000000a7b80000)
 Metaspace       used 11865K, capacity 11984K, committed 12160K, reserved 1060864K
  class space    used 1622K, capacity 1651K, committed 1664K, reserved 1048576K
}

Deoptimization events (10 events):
Event: 5.544 Thread 0x000000000211c800 Uncommon trap: reason=array_check action=maybe_recompile pc=0x00000000032e9dd8 method=net.sf.saxon.tree.tiny.TinyTree.addAttribute(Lnet/sf/saxon/om/NodeInfo;IIILjava/lang/CharSequence;I)V @ 34
Event: 5.582 Thread 0x000000000211c800 Uncommon trap: reason=array_check action=maybe_recompile pc=0x00000000032f651c method=net.sf.saxon.tree.tiny.TinyTree.addAttribute(Lnet/sf/saxon/om/NodeInfo;IIILjava/lang/CharSequence;I)V @ 34
Event: 5.694 Thread 0x000000000211c800 Uncommon trap: reason=unstable_if action=reinterpret pc=0x00000000032bba50 method=net.sf.saxon.tree.tiny.CompressedWhitespace.compress(Ljava/lang/CharSequence;)Ljava/lang/CharSequence; @ 72
Event: 5.828 Thread 0x000000000211c800 Uncommon trap: reason=unstable_if action=reinterpret pc=0x00000000032fca78 method=net.sf.saxon.tree.tiny.CompressedWhitespace.compress(Ljava/lang/CharSequence;)Ljava/lang/CharSequence; @ 57
Event: 5.828 Thread 0x000000000211c800 Uncommon trap: reason=unstable_if action=reinterpret pc=0x00000000033131bc method=net.sf.saxon.tree.tiny.TinyBuilder.characters(Ljava/lang/CharSequence;II)V @ 4
Event: 5.828 Thread 0x000000000211c800 Uncommon trap: reason=unstable_if action=reinterpret pc=0x0000000003321324 method=com.sun.org.apache.xerces.internal.impl.XMLDocumentFragmentScannerImpl$FragmentContentDriver.next()I @ 1388
Event: 5.828 Thread 0x000000000211c800 Uncommon trap: reason=class_check action=maybe_recompile pc=0x00000000032dc838 method=com.sun.org.apache.xerces.internal.impl.XMLDocumentScannerImpl.next()I @ 4
Event: 5.828 Thread 0x000000000211c800 Uncommon trap: reason=unstable_if action=reinterpret pc=0x000000000330e2d0 method=com.sun.org.apache.xerces.internal.impl.io.UTF8Reader.read([CII)I @ 75
Event: 5.828 Thread 0x000000000211c800 Uncommon trap: reason=unstable_if action=reinterpret pc=0x000000000325979c method=com.sun.org.apache.xerces.internal.util.AugmentationsImpl$SmallContainer.clear()V @ 9
Event: 5.828 Thread 0x000000000211c800 Uncommon trap: reason=unstable_if action=reinterpret pc=0x00000000032a611c method=net.sf.saxon.tree.tiny.TinyTree.addNode(SIIII)I @ 110

Internal exceptions (6 events):
Event: 1.513 Thread 0x000000000211c800 Exception <a 'java/lang/NoSuchMethodError': Method sun.misc.Unsafe.defineClass(Ljava/lang/String;[BII)Ljava/lang/Class; name or signature does not match> (0x00000000e0987cc0) thrown at [D:\re\workspace\8-2-build-windows-amd64-cygwin\jdk8u92\6642\hotspot\srEFÄ6ø?
Event: 1.513 Thread 0x000000000211c800 Exception <a 'java/lang/NoSuchMethodError': Method sun.misc.Unsafe.prefetchRead(Ljava/lang/Object;J)V name or signature does not match> (0x00000000e0987fa8) thrown at [D:\re\workspace\8-2-build-windows-amd64-cygwin\jdk8u92\6642\hotspot\src\share\vm\prims\jêL.(à@
Event: 3.859 Thread 0x000000000211c800 Exception <a 'java/security/PrivilegedActionException'> (0x00000000e1fa7330) thrown at [D:\re\workspace\8-2-build-windows-amd64-cygwin\jdk8u92\6642\hotspot\src\share\vm\prims\jvm.cpp, line 1386]
Event: 3.859 Thread 0x000000000211c800 Exception <a 'java/security/PrivilegedActionException'> (0x00000000e1fa7728) thrown at [D:\re\workspace\8-2-build-windows-amd64-cygwin\jdk8u92\6642\hotspot\src\share\vm\prims\jvm.cpp, line 1386]
Event: 3.860 Thread 0x000000000211c800 Exception <a 'java/security/PrivilegedActionException'> (0x00000000e1fab4b8) thrown at [D:\re\workspace\8-2-build-windows-amd64-cygwin\jdk8u92\6642\hotspot\src\share\vm\prims\jvm.cpp, line 1386]
Event: 3.860 Thread 0x000000000211c800 Exception <a 'java/security/PrivilegedActionException'> (0x00000000e1fab8b0) thrown at [D:\re\workspace\8-2-build-windows-amd64-cygwin\jdk8u92\6642\hotspot\src\share\vm\prims\jvm.cpp, line 1386]

Events (10 events):
Event: 5.842 loading class net/sf/saxon/expr/instruct/BlockIterator
Event: 5.842 loading class net/sf/saxon/expr/instruct/BlockIterator done
Event: 5.844 loading class net/sf/saxon/tree/tiny/AttributeEnumeration
Event: 5.844 loading class net/sf/saxon/tree/tiny/AttributeEnumeration done
Event: 5.844 loading class net/sf/saxon/tree/tiny/TinyAttributeImpl
Event: 5.844 loading class net/sf/saxon/tree/tiny/TinyAttributeImpl done
Event: 5.845 loading class net/sf/saxon/om/NameOfNode
Event: 5.845 loading class net/sf/saxon/om/NameOfNode done
Event: 7.589 Executing VM operation: EnableBiasedLocking
Event: 7.589 Executing VM operation: EnableBiasedLocking done


Dynamic libraries:
0x000000013f110000 - 0x000000013f147000 	C:\ProgramData\Oracle\Java\javapath\java.exe
0x0000000076ec0000 - 0x000000007706a000 	C:\Windows\SYSTEM32\ntdll.dll
0x0000000076da0000 - 0x0000000076ebf000 	C:\Windows\system32\kernel32.dll
0x000007fefcce0000 - 0x000007fefcd4a000 	C:\Windows\system32\KERNELBASE.dll
0x000000006fc10000 - 0x000000006fcbe000 	C:\Program Files\Bitdefender\Endpoint Security\Signatures\AVC\AVC3_00555_049\avcuf64.dll
0x000007fefd010000 - 0x000007fefd0eb000 	C:\Windows\system32\ADVAPI32.dll
0x000007fefdc60000 - 0x000007fefdcff000 	C:\Windows\system32\msvcrt.dll
0x000007fefd480000 - 0x000007fefd49f000 	C:\Windows\SYSTEM32\sechost.dll
0x000007fefd320000 - 0x000007fefd44d000 	C:\Windows\system32\RPCRT4.dll
0x0000000076ca0000 - 0x0000000076d9a000 	C:\Windows\system32\USER32.dll
0x000007fefeb80000 - 0x000007fefebe7000 	C:\Windows\system32\GDI32.dll
0x000007fefd9a0000 - 0x000007fefd9ae000 	C:\Windows\system32\LPK.dll
0x000007fefd850000 - 0x000007fefd91a000 	C:\Windows\system32\USP10.dll
0x000007fefb470000 - 0x000007fefb664000 	C:\Windows\WinSxS\amd64_microsoft.windows.common-controls_6595b64144ccf1df_6.0.7601.18837_none_fa3b1e3d17594757\COMCTL32.dll
0x000007fefd920000 - 0x000007fefd991000 	C:\Windows\system32\SHLWAPI.dll
0x000007fefd450000 - 0x000007fefd47e000 	C:\Windows\system32\IMM32.DLL
0x000007fefebf0000 - 0x000007fefecf9000 	C:\Windows\system32\MSCTF.dll
0x0000000078e60000 - 0x0000000078f32000 	C:\Program Files\Java\jre1.8.0_92\bin\msvcr100.dll
0x0000000002270000 - 0x0000000002b06000 	C:\Program Files\Java\jre1.8.0_92\bin\server\jvm.dll
0x000007fefbff0000 - 0x000007fefbff9000 	C:\Windows\system32\WSOCK32.dll
0x000007fefcfc0000 - 0x000007fefd00d000 	C:\Windows\system32\WS2_32.dll
0x000007fefeb70000 - 0x000007fefeb78000 	C:\Windows\system32\NSI.dll
0x000007fefab20000 - 0x000007fefab5b000 	C:\Windows\system32\WINMM.dll
0x000007fefbfa0000 - 0x000007fefbfac000 	C:\Windows\system32\VERSION.dll
0x0000000077090000 - 0x0000000077097000 	C:\Windows\system32\PSAPI.DLL
0x000000006fdd0000 - 0x000000006fddf000 	C:\Program Files\Java\jre1.8.0_92\bin\verify.dll
0x000000006c850000 - 0x000000006c879000 	C:\Program Files\Java\jre1.8.0_92\bin\java.dll
0x0000000001d30000 - 0x0000000001d46000 	C:\Program Files\Java\jre1.8.0_92\bin\zip.dll
0x000007fefdd00000 - 0x000007fefea8c000 	C:\Windows\system32\SHELL32.dll
0x000007fefda50000 - 0x000007fefdc53000 	C:\Windows\system32\ole32.dll
0x000007fefcc10000 - 0x000007fefcc1f000 	C:\Windows\system32\profapi.dll

VM Arguments:
java_command: E:\nodejs-apps\legalhub/bin/Saxon/saxon9pe.jar -s:C:\Users\arevalo\AppData\Local\Temp/1471641983377.0825 -xsl:E:\nodejs-apps\legalhub/manager/parser/uslm/xsl/uslm2MicroData.xsl -o:C:\Users\arevalo\AppData\Local\Temp/1471641983378.7065 -warnings:silent
java_class_path (initial): E:\nodejs-apps\legalhub/bin/Saxon/saxon9pe.jar
Launcher Type: SUN_STANDARD

Environment Variables:
JAVA_HOME=C:\Program Files\Java\jdk1.8.0_92
USERNAME=arevalo
LD_LIBRARY_PATH=C:\Program Files\Saxonica\SaxonHEC0.3.1
OS=Windows_NT
PROCESSOR_IDENTIFIER=Intel64 Family 6 Model 58 Stepping 9, GenuineIntel



---------------  S Y S T E M  ---------------

OS: Windows 7 , 64 bit Build 7601 (6.1.7601.23418)

CPU:total 4 (4 cores per cpu, 1 threads per core) family 6 model 58 stepping 9, cmov, cx8, fxsr, mmx, sse, sse2, sse3, ssse3, sse4.1, sse4.2, popcnt, avx, aes, clmul, erms, tsc, tscinvbit, tscinv

Memory: 4k page, physical 6175180k(549716k free), swap 14566844k(6500k free)

vm_info: Java HotSpot(TM) 64-Bit Server VM (25.92-b14) for windows-amd64 JRE (1.8.0_92-b14), built on Mar 31 2016 21:03:04 by "java_re" with MS VC++ 10.0 (VS2010)

time: Fri Aug 19 17:26:45 2016
elapsed time: 16 seconds (0d 0h 0m 16s)

